CRITICAL - 2022-09-20 09:14:42 --> Cannot use object of type mysqli as array
#0 C:\xampp\htdocs\desacantik\vendor\codeigniter4\framework\system\View\View.php(214): include()
#1 C:\xampp\htdocs\desacantik\vendor\codeigniter4\framework\system\View\View.php(217): CodeIgniter\View\View->CodeIgniter\View\{closure}()
#2 C:\xampp\htdocs\desacantik\vendor\codeigniter4\framework\system\Common.php(1092): CodeIgniter\View\View->render('home_desa', Array, true)
#3 C:\xampp\htdocs\desacantik\app\Controllers\Desa.php(175): view('home_desa', Array)
#4 C:\xampp\htdocs\desacantik\vendor\codeigniter4\framework\system\CodeIgniter.php(802): App\Controllers\Desa->detaildesa()
#5 C:\xampp\htdocs\desacantik\vendor\codeigniter4\framework\system\CodeIgniter.php(399): CodeIgniter\CodeIgniter->runController(Object(App\Controllers\Desa))
#6 C:\xampp\htdocs\desacantik\vendor\codeigniter4\framework\system\CodeIgniter.php(317): CodeIgniter\CodeIgniter->handleRequest(NULL, Object(Config\Cache), false)
#7 C:\xampp\htdocs\desacantik\index.php(37): CodeIgniter\CodeIgniter->run()
#8 {main}
CRITICAL - 2022-09-20 09:29:27 --> Argument 1 passed to CodeIgniter\Database\BaseResult::getFirstRow() must be of the type string, null given, called in C:\xampp\htdocs\desacantik\vendor\codeigniter4\framework\system\Model.php on line 210
#0 C:\xampp\htdocs\desacantik\vendor\codeigniter4\framework\system\Model.php(210): CodeIgniter\Database\BaseResult->getFirstRow(NULL)
#1 C:\xampp\htdocs\desacantik\vendor\codeigniter4\framework\system\BaseModel.php(622): CodeIgniter\Model->doFirst()
#2 C:\xampp\htdocs\desacantik\app\Models\DesaModel.php(58): CodeIgniter\BaseModel->first()
#3 C:\xampp\htdocs\desacantik\app\Controllers\Desa.php(149): App\Models\DesaModel->getDesa('Makroman')
#4 C:\xampp\htdocs\desacantik\vendor\codeigniter4\framework\system\CodeIgniter.php(802): App\Controllers\Desa->detaildesa()
#5 C:\xampp\htdocs\desacantik\vendor\codeigniter4\framework\system\CodeIgniter.php(399): CodeIgniter\CodeIgniter->runController(Object(App\Controllers\Desa))
#6 C:\xampp\htdocs\desacantik\vendor\codeigniter4\framework\system\CodeIgniter.php(317): CodeIgniter\CodeIgniter->handleRequest(NULL, Object(Config\Cache), false)
#7 C:\xampp\htdocs\desacantik\index.php(37): CodeIgniter\CodeIgniter->run()
#8 {main}
CRITICAL - 2022-09-20 09:30:36 --> Argument 1 passed to CodeIgniter\Database\BaseResult::getFirstRow() must be of the type string, null given, called in C:\xampp\htdocs\desacantik\vendor\codeigniter4\framework\system\Model.php on line 210
#0 C:\xampp\htdocs\desacantik\vendor\codeigniter4\framework\system\Model.php(210): CodeIgniter\Database\BaseResult->getFirstRow(NULL)
#1 C:\xampp\htdocs\desacantik\vendor\codeigniter4\framework\system\BaseModel.php(622): CodeIgniter\Model->doFirst()
#2 C:\xampp\htdocs\desacantik\app\Models\DesaModel.php(58): CodeIgniter\BaseModel->first()
#3 C:\xampp\htdocs\desacantik\app\Controllers\Desa.php(149): App\Models\DesaModel->getDesa('Makroman')
#4 C:\xampp\htdocs\desacantik\vendor\codeigniter4\framework\system\CodeIgniter.php(802): App\Controllers\Desa->detaildesa()
#5 C:\xampp\htdocs\desacantik\vendor\codeigniter4\framework\system\CodeIgniter.php(399): CodeIgniter\CodeIgniter->runController(Object(App\Controllers\Desa))
#6 C:\xampp\htdocs\desacantik\vendor\codeigniter4\framework\system\CodeIgniter.php(317): CodeIgniter\CodeIgniter->handleRequest(NULL, Object(Config\Cache), false)
#7 C:\xampp\htdocs\desacantik\index.php(37): CodeIgniter\CodeIgniter->run()
#8 {main}
CRITICAL - 2022-09-20 09:30:38 --> Argument 1 passed to CodeIgniter\Database\BaseResult::getFirstRow() must be of the type string, null given, called in C:\xampp\htdocs\desacantik\vendor\codeigniter4\framework\system\Model.php on line 210
#0 C:\xampp\htdocs\desacantik\vendor\codeigniter4\framework\system\Model.php(210): CodeIgniter\Database\BaseResult->getFirstRow(NULL)
#1 C:\xampp\htdocs\desacantik\vendor\codeigniter4\framework\system\BaseModel.php(622): CodeIgniter\Model->doFirst()
#2 C:\xampp\htdocs\desacantik\app\Models\DesaModel.php(58): CodeIgniter\BaseModel->first()
#3 C:\xampp\htdocs\desacantik\app\Controllers\Desa.php(149): App\Models\DesaModel->getDesa('Makroman')
#4 C:\xampp\htdocs\desacantik\vendor\codeigniter4\framework\system\CodeIgniter.php(802): App\Controllers\Desa->detaildesa()
#5 C:\xampp\htdocs\desacantik\vendor\codeigniter4\framework\system\CodeIgniter.php(399): CodeIgniter\CodeIgniter->runController(Object(App\Controllers\Desa))
#6 C:\xampp\htdocs\desacantik\vendor\codeigniter4\framework\system\CodeIgniter.php(317): CodeIgniter\CodeIgniter->handleRequest(NULL, Object(Config\Cache), false)
#7 C:\xampp\htdocs\desacantik\index.php(37): CodeIgniter\CodeIgniter->run()
#8 {main}
CRITICAL - 2022-09-20 09:31:21 --> Argument 1 passed to CodeIgniter\Database\BaseResult::getFirstRow() must be of the type string, null given, called in C:\xampp\htdocs\desacantik\vendor\codeigniter4\framework\system\Model.php on line 210
#0 C:\xampp\htdocs\desacantik\vendor\codeigniter4\framework\system\Model.php(210): CodeIgniter\Database\BaseResult->getFirstRow(NULL)
#1 C:\xampp\htdocs\desacantik\vendor\codeigniter4\framework\system\BaseModel.php(622): CodeIgniter\Model->doFirst()
#2 C:\xampp\htdocs\desacantik\app\Models\DesaModel.php(58): CodeIgniter\BaseModel->first()
#3 C:\xampp\htdocs\desacantik\app\Controllers\Desa.php(149): App\Models\DesaModel->getDesa('Makroman')
#4 C:\xampp\htdocs\desacantik\vendor\codeigniter4\framework\system\CodeIgniter.php(802): App\Controllers\Desa->detaildesa()
#5 C:\xampp\htdocs\desacantik\vendor\codeigniter4\framework\system\CodeIgniter.php(399): CodeIgniter\CodeIgniter->runController(Object(App\Controllers\Desa))
#6 C:\xampp\htdocs\desacantik\vendor\codeigniter4\framework\system\CodeIgniter.php(317): CodeIgniter\CodeIgniter->handleRequest(NULL, Object(Config\Cache), false)
#7 C:\xampp\htdocs\desacantik\index.php(37): CodeIgniter\CodeIgniter->run()
#8 {main}
CRITICAL - 2022-09-20 09:31:31 --> Argument 1 passed to CodeIgniter\Database\BaseResult::getFirstRow() must be of the type string, null given, called in C:\xampp\htdocs\desacantik\vendor\codeigniter4\framework\system\Model.php on line 210
#0 C:\xampp\htdocs\desacantik\vendor\codeigniter4\framework\system\Model.php(210): CodeIgniter\Database\BaseResult->getFirstRow(NULL)
#1 C:\xampp\htdocs\desacantik\vendor\codeigniter4\framework\system\BaseModel.php(622): CodeIgniter\Model->doFirst()
#2 C:\xampp\htdocs\desacantik\app\Models\DesaModel.php(58): CodeIgniter\BaseModel->first()
#3 C:\xampp\htdocs\desacantik\app\Controllers\Desa.php(149): App\Models\DesaModel->getDesa('Makroman')
#4 C:\xampp\htdocs\desacantik\vendor\codeigniter4\framework\system\CodeIgniter.php(802): App\Controllers\Desa->detaildesa()
#5 C:\xampp\htdocs\desacantik\vendor\codeigniter4\framework\system\CodeIgniter.php(399): CodeIgniter\CodeIgniter->runController(Object(App\Controllers\Desa))
#6 C:\xampp\htdocs\desacantik\vendor\codeigniter4\framework\system\CodeIgniter.php(317): CodeIgniter\CodeIgniter->handleRequest(NULL, Object(Config\Cache), false)
#7 C:\xampp\htdocs\desacantik\index.php(37): CodeIgniter\CodeIgniter->run()
#8 {main}
CRITICAL - 2022-09-20 09:31:33 --> Argument 1 passed to CodeIgniter\Database\BaseResult::getFirstRow() must be of the type string, null given, called in C:\xampp\htdocs\desacantik\vendor\codeigniter4\framework\system\Model.php on line 210
#0 C:\xampp\htdocs\desacantik\vendor\codeigniter4\framework\system\Model.php(210): CodeIgniter\Database\BaseResult->getFirstRow(NULL)
#1 C:\xampp\htdocs\desacantik\vendor\codeigniter4\framework\system\BaseModel.php(622): CodeIgniter\Model->doFirst()
#2 C:\xampp\htdocs\desacantik\app\Models\DesaModel.php(58): CodeIgniter\BaseModel->first()
#3 C:\xampp\htdocs\desacantik\app\Controllers\Desa.php(149): App\Models\DesaModel->getDesa('Makroman')
#4 C:\xampp\htdocs\desacantik\vendor\codeigniter4\framework\system\CodeIgniter.php(802): App\Controllers\Desa->detaildesa()
#5 C:\xampp\htdocs\desacantik\vendor\codeigniter4\framework\system\CodeIgniter.php(399): CodeIgniter\CodeIgniter->runController(Object(App\Controllers\Desa))
#6 C:\xampp\htdocs\desacantik\vendor\codeigniter4\framework\system\CodeIgniter.php(317): CodeIgniter\CodeIgniter->handleRequest(NULL, Object(Config\Cache), false)
#7 C:\xampp\htdocs\desacantik\index.php(37): CodeIgniter\CodeIgniter->run()
#8 {main}
CRITICAL - 2022-09-20 09:32:07 --> Argument 1 passed to CodeIgniter\Database\BaseResult::getResult() must be of the type string, null given, called in C:\xampp\htdocs\desacantik\vendor\codeigniter4\framework\system\Model.php on line 184
#0 C:\xampp\htdocs\desacantik\vendor\codeigniter4\framework\system\Model.php(184): CodeIgniter\Database\BaseResult->getResult(NULL)
#1 C:\xampp\htdocs\desacantik\vendor\codeigniter4\framework\system\BaseModel.php(584): CodeIgniter\Model->doFindAll(0, 0)
#2 C:\xampp\htdocs\desacantik\app\Models\DesaModel.php(53): CodeIgniter\BaseModel->findAll()
#3 C:\xampp\htdocs\desacantik\app\Controllers\Desa.php(61): App\Models\DesaModel->getData('Kota Samarinda')
#4 C:\xampp\htdocs\desacantik\vendor\codeigniter4\framework\system\CodeIgniter.php(802): App\Controllers\Desa->daftardesa()
#5 C:\xampp\htdocs\desacantik\vendor\codeigniter4\framework\system\CodeIgniter.php(399): CodeIgniter\CodeIgniter->runController(Object(App\Controllers\Desa))
#6 C:\xampp\htdocs\desacantik\vendor\codeigniter4\framework\system\CodeIgniter.php(317): CodeIgniter\CodeIgniter->handleRequest(NULL, Object(Config\Cache), false)
#7 C:\xampp\htdocs\desacantik\index.php(37): CodeIgniter\CodeIgniter->run()
#8 {main}
CRITICAL - 2022-09-20 09:32:12 --> Argument 1 passed to CodeIgniter\Database\BaseResult::getResult() must be of the type string, null given, called in C:\xampp\htdocs\desacantik\vendor\codeigniter4\framework\system\Model.php on line 184
#0 C:\xampp\htdocs\desacantik\vendor\codeigniter4\framework\system\Model.php(184): CodeIgniter\Database\BaseResult->getResult(NULL)
#1 C:\xampp\htdocs\desacantik\vendor\codeigniter4\framework\system\BaseModel.php(584): CodeIgniter\Model->doFindAll(0, 0)
#2 C:\xampp\htdocs\desacantik\app\Models\DesaModel.php(53): CodeIgniter\BaseModel->findAll()
#3 C:\xampp\htdocs\desacantik\app\Controllers\Desa.php(61): App\Models\DesaModel->getData('Kota Samarinda')
#4 C:\xampp\htdocs\desacantik\vendor\codeigniter4\framework\system\CodeIgniter.php(802): App\Controllers\Desa->daftardesa()
#5 C:\xampp\htdocs\desacantik\vendor\codeigniter4\framework\system\CodeIgniter.php(399): CodeIgniter\CodeIgniter->runController(Object(App\Controllers\Desa))
#6 C:\xampp\htdocs\desacantik\vendor\codeigniter4\framework\system\CodeIgniter.php(317): CodeIgniter\CodeIgniter->handleRequest(NULL, Object(Config\Cache), false)
#7 C:\xampp\htdocs\desacantik\index.php(37): CodeIgniter\CodeIgniter->run()
#8 {main}
CRITICAL - 2022-09-20 09:32:35 --> Call to a member function getResultArray() on null
#0 C:\xampp\htdocs\desacantik\vendor\codeigniter4\framework\system\CodeIgniter.php(802): App\Controllers\Desa->detaildesa()
#1 C:\xampp\htdocs\desacantik\vendor\codeigniter4\framework\system\CodeIgniter.php(399): CodeIgniter\CodeIgniter->runController(Object(App\Controllers\Desa))
#2 C:\xampp\htdocs\desacantik\vendor\codeigniter4\framework\system\CodeIgniter.php(317): CodeIgniter\CodeIgniter->handleRequest(NULL, Object(Config\Cache), false)
#3 C:\xampp\htdocs\desacantik\index.php(37): CodeIgniter\CodeIgniter->run()
#4 {main}
CRITICAL - 2022-09-20 09:36:50 --> Argument 1 passed to CodeIgniter\Database\BaseResult::getFirstRow() must be of the type string, null given, called in C:\xampp\htdocs\desacantik\vendor\codeigniter4\framework\system\Model.php on line 210
#0 C:\xampp\htdocs\desacantik\vendor\codeigniter4\framework\system\Model.php(210): CodeIgniter\Database\BaseResult->getFirstRow(NULL)
#1 C:\xampp\htdocs\desacantik\vendor\codeigniter4\framework\system\BaseModel.php(622): CodeIgniter\Model->doFirst()
#2 C:\xampp\htdocs\desacantik\app\Models\DesaModel.php(58): CodeIgniter\BaseModel->first()
#3 C:\xampp\htdocs\desacantik\app\Controllers\Desa.php(149): App\Models\DesaModel->getDesa('Makroman')
#4 C:\xampp\htdocs\desacantik\vendor\codeigniter4\framework\system\CodeIgniter.php(802): App\Controllers\Desa->detaildesa()
#5 C:\xampp\htdocs\desacantik\vendor\codeigniter4\framework\system\CodeIgniter.php(399): CodeIgniter\CodeIgniter->runController(Object(App\Controllers\Desa))
#6 C:\xampp\htdocs\desacantik\vendor\codeigniter4\framework\system\CodeIgniter.php(317): CodeIgniter\CodeIgniter->handleRequest(NULL, Object(Config\Cache), false)
#7 C:\xampp\htdocs\desacantik\index.php(37): CodeIgniter\CodeIgniter->run()
#8 {main}
CRITICAL - 2022-09-20 09:38:14 --> Call to a member function getResultArray() on null
#0 C:\xampp\htdocs\desacantik\vendor\codeigniter4\framework\system\CodeIgniter.php(802): App\Controllers\Desa->detaildesa()
#1 C:\xampp\htdocs\desacantik\vendor\codeigniter4\framework\system\CodeIgniter.php(399): CodeIgniter\CodeIgniter->runController(Object(App\Controllers\Desa))
#2 C:\xampp\htdocs\desacantik\vendor\codeigniter4\framework\system\CodeIgniter.php(317): CodeIgniter\CodeIgniter->handleRequest(NULL, Object(Config\Cache), false)
#3 C:\xampp\htdocs\desacantik\index.php(37): CodeIgniter\CodeIgniter->run()
#4 {main}
CRITICAL - 2022-09-20 09:38:32 --> Trying to access array offset on value of type null
#0 C:\xampp\htdocs\desacantik\app\Views\home_desa.php(7): CodeIgniter\Debug\Exceptions->errorHandler(8, 'Trying to acces...', 'C:\\xampp\\htdocs...', 7, Array)
#1 C:\xampp\htdocs\desacantik\vendor\codeigniter4\framework\system\View\View.php(214): include('C:\\xampp\\htdocs...')
#2 C:\xampp\htdocs\desacantik\vendor\codeigniter4\framework\system\View\View.php(217): CodeIgniter\View\View->CodeIgniter\View\{closure}()
#3 C:\xampp\htdocs\desacantik\vendor\codeigniter4\framework\system\Common.php(1092): CodeIgniter\View\View->render('home_desa', Array, true)
#4 C:\xampp\htdocs\desacantik\app\Controllers\Desa.php(176): view('home_desa', Array)
#5 C:\xampp\htdocs\desacantik\vendor\codeigniter4\framework\system\CodeIgniter.php(802): App\Controllers\Desa->detaildesa()
#6 C:\xampp\htdocs\desacantik\vendor\codeigniter4\framework\system\CodeIgniter.php(399): CodeIgniter\CodeIgniter->runController(Object(App\Controllers\Desa))
#7 C:\xampp\htdocs\desacantik\vendor\codeigniter4\framework\system\CodeIgniter.php(317): CodeIgniter\CodeIgniter->handleRequest(NULL, Object(Config\Cache), false)
#8 C:\xampp\htdocs\desacantik\index.php(37): CodeIgniter\CodeIgniter->run()
#9 {main}
CRITICAL - 2022-09-20 09:39:09 --> Cannot use object of type CodeIgniter\Database\MySQLi\Result as array
#0 C:\xampp\htdocs\desacantik\vendor\codeigniter4\framework\system\View\View.php(214): include()
#1 C:\xampp\htdocs\desacantik\vendor\codeigniter4\framework\system\View\View.php(217): CodeIgniter\View\View->CodeIgniter\View\{closure}()
#2 C:\xampp\htdocs\desacantik\vendor\codeigniter4\framework\system\Common.php(1092): CodeIgniter\View\View->render('home_desa', Array, true)
#3 C:\xampp\htdocs\desacantik\app\Controllers\Desa.php(176): view('home_desa', Array)
#4 C:\xampp\htdocs\desacantik\vendor\codeigniter4\framework\system\CodeIgniter.php(802): App\Controllers\Desa->detaildesa()
#5 C:\xampp\htdocs\desacantik\vendor\codeigniter4\framework\system\CodeIgniter.php(399): CodeIgniter\CodeIgniter->runController(Object(App\Controllers\Desa))
#6 C:\xampp\htdocs\desacantik\vendor\codeigniter4\framework\system\CodeIgniter.php(317): CodeIgniter\CodeIgniter->handleRequest(NULL, Object(Config\Cache), false)
#7 C:\xampp\htdocs\desacantik\index.php(37): CodeIgniter\CodeIgniter->run()
#8 {main}
CRITICAL - 2022-09-20 09:39:53 --> Undefined index: nama_desa
#0 C:\xampp\htdocs\desacantik\app\Views\home_desa.php(7): CodeIgniter\Debug\Exceptions->errorHandler(8, 'Undefined index...', 'C:\\xampp\\htdocs...', 7, Array)
#1 C:\xampp\htdocs\desacantik\vendor\codeigniter4\framework\system\View\View.php(214): include('C:\\xampp\\htdocs...')
#2 C:\xampp\htdocs\desacantik\vendor\codeigniter4\framework\system\View\View.php(217): CodeIgniter\View\View->CodeIgniter\View\{closure}()
#3 C:\xampp\htdocs\desacantik\vendor\codeigniter4\framework\system\Common.php(1092): CodeIgniter\View\View->render('home_desa', Array, true)
#4 C:\xampp\htdocs\desacantik\app\Controllers\Desa.php(176): view('home_desa', Array)
#5 C:\xampp\htdocs\desacantik\vendor\codeigniter4\framework\system\CodeIgniter.php(802): App\Controllers\Desa->detaildesa()
#6 C:\xampp\htdocs\desacantik\vendor\codeigniter4\framework\system\CodeIgniter.php(399): CodeIgniter\CodeIgniter->runController(Object(App\Controllers\Desa))
#7 C:\xampp\htdocs\desacantik\vendor\codeigniter4\framework\system\CodeIgniter.php(317): CodeIgniter\CodeIgniter->handleRequest(NULL, Object(Config\Cache), false)
#8 C:\xampp\htdocs\desacantik\index.php(37): CodeIgniter\CodeIgniter->run()
#9 {main}
CRITICAL - 2022-09-20 09:40:35 --> Cannot use object of type stdClass as array
#0 C:\xampp\htdocs\desacantik\vendor\codeigniter4\framework\system\View\View.php(214): include()
#1 C:\xampp\htdocs\desacantik\vendor\codeigniter4\framework\system\View\View.php(217): CodeIgniter\View\View->CodeIgniter\View\{closure}()
#2 C:\xampp\htdocs\desacantik\vendor\codeigniter4\framework\system\Common.php(1092): CodeIgniter\View\View->render('home_desa', Array, true)
#3 C:\xampp\htdocs\desacantik\app\Controllers\Desa.php(176): view('home_desa', Array)
#4 C:\xampp\htdocs\desacantik\vendor\codeigniter4\framework\system\CodeIgniter.php(802): App\Controllers\Desa->detaildesa()
#5 C:\xampp\htdocs\desacantik\vendor\codeigniter4\framework\system\CodeIgniter.php(399): CodeIgniter\CodeIgniter->runController(Object(App\Controllers\Desa))
#6 C:\xampp\htdocs\desacantik\vendor\codeigniter4\framework\system\CodeIgniter.php(317): CodeIgniter\CodeIgniter->handleRequest(NULL, Object(Config\Cache), false)
#7 C:\xampp\htdocs\desacantik\index.php(37): CodeIgniter\CodeIgniter->run()
#8 {main}
CRITICAL - 2022-09-20 09:40:36 --> Cannot use object of type stdClass as array
#0 C:\xampp\htdocs\desacantik\vendor\codeigniter4\framework\system\View\View.php(214): include()
#1 C:\xampp\htdocs\desacantik\vendor\codeigniter4\framework\system\View\View.php(217): CodeIgniter\View\View->CodeIgniter\View\{closure}()
#2 C:\xampp\htdocs\desacantik\vendor\codeigniter4\framework\system\Common.php(1092): CodeIgniter\View\View->render('home_desa', Array, true)
#3 C:\xampp\htdocs\desacantik\app\Controllers\Desa.php(176): view('home_desa', Array)
#4 C:\xampp\htdocs\desacantik\vendor\codeigniter4\framework\system\CodeIgniter.php(802): App\Controllers\Desa->detaildesa()
#5 C:\xampp\htdocs\desacantik\vendor\codeigniter4\framework\system\CodeIgniter.php(399): CodeIgniter\CodeIgniter->runController(Object(App\Controllers\Desa))
#6 C:\xampp\htdocs\desacantik\vendor\codeigniter4\framework\system\CodeIgniter.php(317): CodeIgniter\CodeIgniter->handleRequest(NULL, Object(Config\Cache), false)
#7 C:\xampp\htdocs\desacantik\index.php(37): CodeIgniter\CodeIgniter->run()
#8 {main}
CRITICAL - 2022-09-20 09:40:37 --> Cannot use object of type stdClass as array
#0 C:\xampp\htdocs\desacantik\vendor\codeigniter4\framework\system\View\View.php(214): include()
#1 C:\xampp\htdocs\desacantik\vendor\codeigniter4\framework\system\View\View.php(217): CodeIgniter\View\View->CodeIgniter\View\{closure}()
#2 C:\xampp\htdocs\desacantik\vendor\codeigniter4\framework\system\Common.php(1092): CodeIgniter\View\View->render('home_desa', Array, true)
#3 C:\xampp\htdocs\desacantik\app\Controllers\Desa.php(176): view('home_desa', Array)
#4 C:\xampp\htdocs\desacantik\vendor\codeigniter4\framework\system\CodeIgniter.php(802): App\Controllers\Desa->detaildesa()
#5 C:\xampp\htdocs\desacantik\vendor\codeigniter4\framework\system\CodeIgniter.php(399): CodeIgniter\CodeIgniter->runController(Object(App\Controllers\Desa))
#6 C:\xampp\htdocs\desacantik\vendor\codeigniter4\framework\system\CodeIgniter.php(317): CodeIgniter\CodeIgniter->handleRequest(NULL, Object(Config\Cache), false)
#7 C:\xampp\htdocs\desacantik\index.php(37): CodeIgniter\CodeIgniter->run()
#8 {main}
CRITICAL - 2022-09-20 09:46:06 --> Undefined index: nama_desa
#0 C:\xampp\htdocs\desacantik\app\Views\home_desa.php(25): CodeIgniter\Debug\Exceptions->errorHandler(8, 'Undefined index...', 'C:\\xampp\\htdocs...', 25, Array)
#1 C:\xampp\htdocs\desacantik\vendor\codeigniter4\framework\system\View\View.php(214): include('C:\\xampp\\htdocs...')
#2 C:\xampp\htdocs\desacantik\vendor\codeigniter4\framework\system\View\View.php(217): CodeIgniter\View\View->CodeIgniter\View\{closure}()
#3 C:\xampp\htdocs\desacantik\vendor\codeigniter4\framework\system\Common.php(1092): CodeIgniter\View\View->render('home_desa', Array, true)
#4 C:\xampp\htdocs\desacantik\app\Controllers\Desa.php(176): view('home_desa', Array)
#5 C:\xampp\htdocs\desacantik\vendor\codeigniter4\framework\system\CodeIgniter.php(802): App\Controllers\Desa->detaildesa()
#6 C:\xampp\htdocs\desacantik\vendor\codeigniter4\framework\system\CodeIgniter.php(399): CodeIgniter\CodeIgniter->runController(Object(App\Controllers\Desa))
#7 C:\xampp\htdocs\desacantik\vendor\codeigniter4\framework\system\CodeIgniter.php(317): CodeIgniter\CodeIgniter->handleRequest(NULL, Object(Config\Cache), false)
#8 C:\xampp\htdocs\desacantik\index.php(37): CodeIgniter\CodeIgniter->run()
#9 {main}
CRITICAL - 2022-09-20 09:46:35 --> Undefined index: deskripsi
#0 C:\xampp\htdocs\desacantik\app\Views\home_desa.php(35): CodeIgniter\Debug\Exceptions->errorHandler(8, 'Undefined index...', 'C:\\xampp\\htdocs...', 35, Array)
#1 C:\xampp\htdocs\desacantik\vendor\codeigniter4\framework\system\View\View.php(214): include('C:\\xampp\\htdocs...')
#2 C:\xampp\htdocs\desacantik\vendor\codeigniter4\framework\system\View\View.php(217): CodeIgniter\View\View->CodeIgniter\View\{closure}()
#3 C:\xampp\htdocs\desacantik\vendor\codeigniter4\framework\system\Common.php(1092): CodeIgniter\View\View->render('home_desa', Array, true)
#4 C:\xampp\htdocs\desacantik\app\Controllers\Desa.php(176): view('home_desa', Array)
#5 C:\xampp\htdocs\desacantik\vendor\codeigniter4\framework\system\CodeIgniter.php(802): App\Controllers\Desa->detaildesa()
#6 C:\xampp\htdocs\desacantik\vendor\codeigniter4\framework\system\CodeIgniter.php(399): CodeIgniter\CodeIgniter->runController(Object(App\Controllers\Desa))
#7 C:\xampp\htdocs\desacantik\vendor\codeigniter4\framework\system\CodeIgniter.php(317): CodeIgniter\CodeIgniter->handleRequest(NULL, Object(Config\Cache), false)
#8 C:\xampp\htdocs\desacantik\index.php(37): CodeIgniter\CodeIgniter->run()
#9 {main}
CRITICAL - 2022-09-20 09:47:00 --> Undefined index: jml_penduduk
#0 C:\xampp\htdocs\desacantik\app\Views\home_desa.php(50): CodeIgniter\Debug\Exceptions->errorHandler(8, 'Undefined index...', 'C:\\xampp\\htdocs...', 50, Array)
#1 C:\xampp\htdocs\desacantik\vendor\codeigniter4\framework\system\View\View.php(214): include('C:\\xampp\\htdocs...')
#2 C:\xampp\htdocs\desacantik\vendor\codeigniter4\framework\system\View\View.php(217): CodeIgniter\View\View->CodeIgniter\View\{closure}()
#3 C:\xampp\htdocs\desacantik\vendor\codeigniter4\framework\system\Common.php(1092): CodeIgniter\View\View->render('home_desa', Array, true)
#4 C:\xampp\htdocs\desacantik\app\Controllers\Desa.php(176): view('home_desa', Array)
#5 C:\xampp\htdocs\desacantik\vendor\codeigniter4\framework\system\CodeIgniter.php(802): App\Controllers\Desa->detaildesa()
#6 C:\xampp\htdocs\desacantik\vendor\codeigniter4\framework\system\CodeIgniter.php(399): CodeIgniter\CodeIgniter->runController(Object(App\Controllers\Desa))
#7 C:\xampp\htdocs\desacantik\vendor\codeigniter4\framework\system\CodeIgniter.php(317): CodeIgniter\CodeIgniter->handleRequest(NULL, Object(Config\Cache), false)
#8 C:\xampp\htdocs\desacantik\index.php(37): CodeIgniter\CodeIgniter->run()
#9 {main}
CRITICAL - 2022-09-20 09:48:40 --> Undefined index: jml_penduduk
#0 C:\xampp\htdocs\desacantik\app\Views\home_desa.php(49): CodeIgniter\Debug\Exceptions->errorHandler(8, 'Undefined index...', 'C:\\xampp\\htdocs...', 49, Array)
#1 C:\xampp\htdocs\desacantik\vendor\codeigniter4\framework\system\View\View.php(214): include('C:\\xampp\\htdocs...')
#2 C:\xampp\htdocs\desacantik\vendor\codeigniter4\framework\system\View\View.php(217): CodeIgniter\View\View->CodeIgniter\View\{closure}()
#3 C:\xampp\htdocs\desacantik\vendor\codeigniter4\framework\system\Common.php(1092): CodeIgniter\View\View->render('home_desa', Array, true)
#4 C:\xampp\htdocs\desacantik\app\Controllers\Desa.php(176): view('home_desa', Array)
#5 C:\xampp\htdocs\desacantik\vendor\codeigniter4\framework\system\CodeIgniter.php(802): App\Controllers\Desa->detaildesa()
#6 C:\xampp\htdocs\desacantik\vendor\codeigniter4\framework\system\CodeIgniter.php(399): CodeIgniter\CodeIgniter->runController(Object(App\Controllers\Desa))
#7 C:\xampp\htdocs\desacantik\vendor\codeigniter4\framework\system\CodeIgniter.php(317): CodeIgniter\CodeIgniter->handleRequest(NULL, Object(Config\Cache), false)
#8 C:\xampp\htdocs\desacantik\index.php(37): CodeIgniter\CodeIgniter->run()
#9 {main}
CRITICAL - 2022-09-20 09:48:50 --> Undefined index: jenis
#0 C:\xampp\htdocs\desacantik\app\Views\home_desa.php(124): CodeIgniter\Debug\Exceptions->errorHandler(8, 'Undefined index...', 'C:\\xampp\\htdocs...', 124, Array)
#1 C:\xampp\htdocs\desacantik\vendor\codeigniter4\framework\system\View\View.php(214): include('C:\\xampp\\htdocs...')
#2 C:\xampp\htdocs\desacantik\vendor\codeigniter4\framework\system\View\View.php(217): CodeIgniter\View\View->CodeIgniter\View\{closure}()
#3 C:\xampp\htdocs\desacantik\vendor\codeigniter4\framework\system\Common.php(1092): CodeIgniter\View\View->render('home_desa', Array, true)
#4 C:\xampp\htdocs\desacantik\app\Controllers\Desa.php(176): view('home_desa', Array)
#5 C:\xampp\htdocs\desacantik\vendor\codeigniter4\framework\system\CodeIgniter.php(802): App\Controllers\Desa->detaildesa()
#6 C:\xampp\htdocs\desacantik\vendor\codeigniter4\framework\system\CodeIgniter.php(399): CodeIgniter\CodeIgniter->runController(Object(App\Controllers\Desa))
#7 C:\xampp\htdocs\desacantik\vendor\codeigniter4\framework\system\CodeIgniter.php(317): CodeIgniter\CodeIgniter->handleRequest(NULL, Object(Config\Cache), false)
#8 C:\xampp\htdocs\desacantik\index.php(37): CodeIgniter\CodeIgniter->run()
#9 {main}
CRITICAL - 2022-09-20 09:50:35 --> Undefined index: jenis
#0 C:\xampp\htdocs\desacantik\app\Views\home_desa.php(124): CodeIgniter\Debug\Exceptions->errorHandler(8, 'Undefined index...', 'C:\\xampp\\htdocs...', 124, Array)
#1 C:\xampp\htdocs\desacantik\vendor\codeigniter4\framework\system\View\View.php(214): include('C:\\xampp\\htdocs...')
#2 C:\xampp\htdocs\desacantik\vendor\codeigniter4\framework\system\View\View.php(217): CodeIgniter\View\View->CodeIgniter\View\{closure}()
#3 C:\xampp\htdocs\desacantik\vendor\codeigniter4\framework\system\Common.php(1092): CodeIgniter\View\View->render('home_desa', Array, true)
#4 C:\xampp\htdocs\desacantik\app\Controllers\Desa.php(176): view('home_desa', Array)
#5 C:\xampp\htdocs\desacantik\vendor\codeigniter4\framework\system\CodeIgniter.php(802): App\Controllers\Desa->detaildesa()
#6 C:\xampp\htdocs\desacantik\vendor\codeigniter4\framework\system\CodeIgniter.php(399): CodeIgniter\CodeIgniter->runController(Object(App\Controllers\Desa))
#7 C:\xampp\htdocs\desacantik\vendor\codeigniter4\framework\system\CodeIgniter.php(317): CodeIgniter\CodeIgniter->handleRequest(NULL, Object(Config\Cache), false)
#8 C:\xampp\htdocs\desacantik\index.php(37): CodeIgniter\CodeIgniter->run()
#9 {main}
CRITICAL - 2022-09-20 09:50:53 --> Undefined index: jenis
#0 C:\xampp\htdocs\desacantik\app\Views\home_desa.php(124): CodeIgniter\Debug\Exceptions->errorHandler(8, 'Undefined index...', 'C:\\xampp\\htdocs...', 124, Array)
#1 C:\xampp\htdocs\desacantik\vendor\codeigniter4\framework\system\View\View.php(214): include('C:\\xampp\\htdocs...')
#2 C:\xampp\htdocs\desacantik\vendor\codeigniter4\framework\system\View\View.php(217): CodeIgniter\View\View->CodeIgniter\View\{closure}()
#3 C:\xampp\htdocs\desacantik\vendor\codeigniter4\framework\system\Common.php(1092): CodeIgniter\View\View->render('home_desa', Array, true)
#4 C:\xampp\htdocs\desacantik\app\Controllers\Desa.php(176): view('home_desa', Array)
#5 C:\xampp\htdocs\desacantik\vendor\codeigniter4\framework\system\CodeIgniter.php(802): App\Controllers\Desa->detaildesa()
#6 C:\xampp\htdocs\desacantik\vendor\codeigniter4\framework\system\CodeIgniter.php(399): CodeIgniter\CodeIgniter->runController(Object(App\Controllers\Desa))
#7 C:\xampp\htdocs\desacantik\vendor\codeigniter4\framework\system\CodeIgniter.php(317): CodeIgniter\CodeIgniter->handleRequest(NULL, Object(Config\Cache), false)
#8 C:\xampp\htdocs\desacantik\index.php(37): CodeIgniter\CodeIgniter->run()
#9 {main}
CRITICAL - 2022-09-20 09:53:30 --> Undefined index: jenis
#0 C:\xampp\htdocs\desacantik\app\Views\home_desa.php(124): CodeIgniter\Debug\Exceptions->errorHandler(8, 'Undefined index...', 'C:\\xampp\\htdocs...', 124, Array)
#1 C:\xampp\htdocs\desacantik\vendor\codeigniter4\framework\system\View\View.php(214): include('C:\\xampp\\htdocs...')
#2 C:\xampp\htdocs\desacantik\vendor\codeigniter4\framework\system\View\View.php(217): CodeIgniter\View\View->CodeIgniter\View\{closure}()
#3 C:\xampp\htdocs\desacantik\vendor\codeigniter4\framework\system\Common.php(1092): CodeIgniter\View\View->render('home_desa', Array, true)
#4 C:\xampp\htdocs\desacantik\app\Controllers\Desa.php(176): view('home_desa', Array)
#5 C:\xampp\htdocs\desacantik\vendor\codeigniter4\framework\system\CodeIgniter.php(802): App\Controllers\Desa->detaildesa()
#6 C:\xampp\htdocs\desacantik\vendor\codeigniter4\framework\system\CodeIgniter.php(399): CodeIgniter\CodeIgniter->runController(Object(App\Controllers\Desa))
#7 C:\xampp\htdocs\desacantik\vendor\codeigniter4\framework\system\CodeIgniter.php(317): CodeIgniter\CodeIgniter->handleRequest(NULL, Object(Config\Cache), false)
#8 C:\xampp\htdocs\desacantik\index.php(37): CodeIgniter\CodeIgniter->run()
#9 {main}
CRITICAL - 2022-09-20 09:56:31 --> Argument 1 passed to CodeIgniter\Database\BaseBuilder::get() must be of the type int or null, string given, called in C:\xampp\htdocs\desacantik\app\Models\DesaModel.php on line 66
#0 C:\xampp\htdocs\desacantik\app\Models\DesaModel.php(66): CodeIgniter\Database\BaseBuilder->get('jenis')
#1 C:\xampp\htdocs\desacantik\app\Controllers\Desa.php(169): App\Models\DesaModel->getJenisLandmark('Makroman')
#2 C:\xampp\htdocs\desacantik\vendor\codeigniter4\framework\system\CodeIgniter.php(802): App\Controllers\Desa->detaildesa()
#3 C:\xampp\htdocs\desacantik\vendor\codeigniter4\framework\system\CodeIgniter.php(399): CodeIgniter\CodeIgniter->runController(Object(App\Controllers\Desa))
#4 C:\xampp\htdocs\desacantik\vendor\codeigniter4\framework\system\CodeIgniter.php(317): CodeIgniter\CodeIgniter->handleRequest(NULL, Object(Config\Cache), false)
#5 C:\xampp\htdocs\desacantik\index.php(37): CodeIgniter\CodeIgniter->run()
#6 {main}
CRITICAL - 2022-09-20 11:22:19 --> Cannot use object of type mysqli as array
#0 C:\xampp\htdocs\desacantik\vendor\codeigniter4\framework\system\View\View.php(214): include()
#1 C:\xampp\htdocs\desacantik\vendor\codeigniter4\framework\system\View\View.php(217): CodeIgniter\View\View->CodeIgniter\View\{closure}()
#2 C:\xampp\htdocs\desacantik\vendor\codeigniter4\framework\system\Common.php(1092): CodeIgniter\View\View->render('home_kab', Array, true)
#3 C:\xampp\htdocs\desacantik\app\Controllers\Desa.php(77): view('home_kab', Array)
#4 C:\xampp\htdocs\desacantik\vendor\codeigniter4\framework\system\CodeIgniter.php(802): App\Controllers\Desa->daftardesa()
#5 C:\xampp\htdocs\desacantik\vendor\codeigniter4\framework\system\CodeIgniter.php(399): CodeIgniter\CodeIgniter->runController(Object(App\Controllers\Desa))
#6 C:\xampp\htdocs\desacantik\vendor\codeigniter4\framework\system\CodeIgniter.php(317): CodeIgniter\CodeIgniter->handleRequest(NULL, Object(Config\Cache), false)
#7 C:\xampp\htdocs\desacantik\index.php(37): CodeIgniter\CodeIgniter->run()
#8 {main}
CRITICAL - 2022-09-20 11:22:49 --> Cannot use object of type mysqli as array
#0 C:\xampp\htdocs\desacantik\vendor\codeigniter4\framework\system\View\View.php(214): include()
#1 C:\xampp\htdocs\desacantik\vendor\codeigniter4\framework\system\View\View.php(217): CodeIgniter\View\View->CodeIgniter\View\{closure}()
#2 C:\xampp\htdocs\desacantik\vendor\codeigniter4\framework\system\Common.php(1092): CodeIgniter\View\View->render('home_kab', Array, true)
#3 C:\xampp\htdocs\desacantik\app\Controllers\Desa.php(77): view('home_kab', Array)
#4 C:\xampp\htdocs\desacantik\vendor\codeigniter4\framework\system\CodeIgniter.php(802): App\Controllers\Desa->daftardesa()
#5 C:\xampp\htdocs\desacantik\vendor\codeigniter4\framework\system\CodeIgniter.php(399): CodeIgniter\CodeIgniter->runController(Object(App\Controllers\Desa))
#6 C:\xampp\htdocs\desacantik\vendor\codeigniter4\framework\system\CodeIgniter.php(317): CodeIgniter\CodeIgniter->handleRequest(NULL, Object(Config\Cache), false)
#7 C:\xampp\htdocs\desacantik\index.php(37): CodeIgniter\CodeIgniter->run()
#8 {main}
CRITICAL - 2022-09-20 11:22:54 --> Cannot use object of type mysqli as array
#0 C:\xampp\htdocs\desacantik\vendor\codeigniter4\framework\system\View\View.php(214): include()
#1 C:\xampp\htdocs\desacantik\vendor\codeigniter4\framework\system\View\View.php(217): CodeIgniter\View\View->CodeIgniter\View\{closure}()
#2 C:\xampp\htdocs\desacantik\vendor\codeigniter4\framework\system\Common.php(1092): CodeIgniter\View\View->render('home_kab', Array, true)
#3 C:\xampp\htdocs\desacantik\app\Controllers\Desa.php(77): view('home_kab', Array)
#4 C:\xampp\htdocs\desacantik\vendor\codeigniter4\framework\system\CodeIgniter.php(802): App\Controllers\Desa->daftardesa()
#5 C:\xampp\htdocs\desacantik\vendor\codeigniter4\framework\system\CodeIgniter.php(399): CodeIgniter\CodeIgniter->runController(Object(App\Controllers\Desa))
#6 C:\xampp\htdocs\desacantik\vendor\codeigniter4\framework\system\CodeIgniter.php(317): CodeIgniter\CodeIgniter->handleRequest(NULL, Object(Config\Cache), false)
#7 C:\xampp\htdocs\desacantik\index.php(37): CodeIgniter\CodeIgniter->run()
#8 {main}
CRITICAL - 2022-09-20 11:23:54 --> Cannot use object of type mysqli as array
#0 C:\xampp\htdocs\desacantik\vendor\codeigniter4\framework\system\View\View.php(214): include()
#1 C:\xampp\htdocs\desacantik\vendor\codeigniter4\framework\system\View\View.php(217): CodeIgniter\View\View->CodeIgniter\View\{closure}()
#2 C:\xampp\htdocs\desacantik\vendor\codeigniter4\framework\system\Common.php(1092): CodeIgniter\View\View->render('home_kab', Array, true)
#3 C:\xampp\htdocs\desacantik\app\Controllers\Desa.php(77): view('home_kab', Array)
#4 C:\xampp\htdocs\desacantik\vendor\codeigniter4\framework\system\CodeIgniter.php(802): App\Controllers\Desa->daftardesa()
#5 C:\xampp\htdocs\desacantik\vendor\codeigniter4\framework\system\CodeIgniter.php(399): CodeIgniter\CodeIgniter->runController(Object(App\Controllers\Desa))
#6 C:\xampp\htdocs\desacantik\vendor\codeigniter4\framework\system\CodeIgniter.php(317): CodeIgniter\CodeIgniter->handleRequest(NULL, Object(Config\Cache), false)
#7 C:\xampp\htdocs\desacantik\index.php(37): CodeIgniter\CodeIgniter->run()
#8 {main}
CRITICAL - 2022-09-20 16:13:46 --> Call to undefined method CodeIgniter\Database\MySQLi\Builder::getResultArray()
#0 C:\xampp\htdocs\desacantik\vendor\codeigniter4\framework\system\CodeIgniter.php(802): App\Controllers\Desa->detaildesa()
#1 C:\xampp\htdocs\desacantik\vendor\codeigniter4\framework\system\CodeIgniter.php(399): CodeIgniter\CodeIgniter->runController(Object(App\Controllers\Desa))
#2 C:\xampp\htdocs\desacantik\vendor\codeigniter4\framework\system\CodeIgniter.php(317): CodeIgniter\CodeIgniter->handleRequest(NULL, Object(Config\Cache), false)
#3 C:\xampp\htdocs\desacantik\index.php(37): CodeIgniter\CodeIgniter->run()
#4 {main}
